<?xml version="1.0" encoding="UTF-8"?>
<testng-results ignored="0" total="3" passed="2" failed="1" skipped="0">
  <reporter-output>
  </reporter-output>
  <suite started-at="2023-07-27T12:33:33 IST" name="Default suite" finished-at="2023-07-27T12:34:14 IST" duration-ms="40996">
    <groups>
    </groups>
    <test started-at="2023-07-27T12:33:33 IST" name="Default test" finished-at="2023-07-27T12:34:14 IST" duration-ms="40996">
      <class name="com.luma.testLayer.LoginPageTest">
        <test-method is-config="true" signature="start()[pri:0, instance:com.luma.testLayer.LoginPageTest@9597028]" started-at="2023-07-27T12:33:33 IST" name="start" finished-at="2023-07-27T12:33:34 IST" duration-ms="153" status="PASS">
          <reporter-output>
          </reporter-output>
        </test-method> <!-- start -->
        <test-method is-config="true" signature="setUp()[pri:0, instance:com.luma.testLayer.LoginPageTest@9597028]" started-at="2023-07-27T12:33:34 IST" name="setUp" finished-at="2023-07-27T12:33:40 IST" duration-ms="6430" status="PASS">
          <reporter-output>
          </reporter-output>
        </test-method> <!-- setUp -->
        <test-method signature="VerifyLoginTest()[pri:0, instance:com.luma.testLayer.LoginPageTest@9597028]" started-at="2023-07-27T12:33:40 IST" name="VerifyLoginTest" finished-at="2023-07-27T12:33:45 IST" duration-ms="4681" status="FAIL">
          <exception class="org.junit.ComparisonFailure">
            <message>
              <![CDATA[expected:<Welcome [testacc3]> but was:<Welcome []>]]>
            </message>
            <full-stacktrace>
              <![CDATA[org.junit.ComparisonFailure: expected:<Welcome [testacc3]> but was:<Welcome []>
at org.junit.Assert.assertEquals(Assert.java:117)
at org.junit.Assert.assertEquals(Assert.java:146)
at com.luma.testLayer.LoginPageTest.VerifyLoginTest(LoginPageTest.java:32)
at java.base/jdk.internal.reflect.DirectMethodHandleAccessor.invoke(DirectMethodHandleAccessor.java:104)
at java.base/java.lang.reflect.Method.invoke(Method.java:578)
at org.testng.internal.MethodInvocationHelper.invokeMethod(MethodInvocationHelper.java:133)
at org.testng.internal.TestInvoker.invokeMethod(TestInvoker.java:598)
at org.testng.internal.TestInvoker.invokeTestMethod(TestInvoker.java:173)
at org.testng.internal.MethodRunner.runInSequence(MethodRunner.java:46)
at org.testng.internal.TestInvoker$MethodInvocationAgent.invoke(TestInvoker.java:824)
at org.testng.internal.TestInvoker.invokeTestMethods(TestInvoker.java:146)
at org.testng.internal.TestMethodWorker.invokeTestMethods(TestMethodWorker.java:146)
at org.testng.internal.TestMethodWorker.run(TestMethodWorker.java:128)
at java.base/java.util.ArrayList.forEach(ArrayList.java:1511)
at org.testng.TestRunner.privateRun(TestRunner.java:794)
at org.testng.TestRunner.run(TestRunner.java:596)
at org.testng.SuiteRunner.runTest(SuiteRunner.java:377)
at org.testng.SuiteRunner.runSequentially(SuiteRunner.java:371)
at org.testng.SuiteRunner.privateRun(SuiteRunner.java:332)
at org.testng.SuiteRunner.run(SuiteRunner.java:276)
at org.testng.SuiteRunnerWorker.runSuite(SuiteRunnerWorker.java:53)
at org.testng.SuiteRunnerWorker.run(SuiteRunnerWorker.java:96)
at org.testng.TestNG.runSuitesSequentially(TestNG.java:1212)
at org.testng.TestNG.runSuitesLocally(TestNG.java:1134)
at org.testng.TestNG.runSuites(TestNG.java:1063)
at org.testng.TestNG.run(TestNG.java:1031)
at org.testng.remote.AbstractRemoteTestNG.run(AbstractRemoteTestNG.java:115)
at org.testng.remote.RemoteTestNG.initAndRun(RemoteTestNG.java:251)
at org.testng.remote.RemoteTestNG.main(RemoteTestNG.java:77)
]]>
            </full-stacktrace>
          </exception> <!-- org.junit.ComparisonFailure -->
          <reporter-output>
          </reporter-output>
        </test-method> <!-- VerifyLoginTest -->
        <test-method is-config="true" signature="tearDown()[pri:0, instance:com.luma.testLayer.LoginPageTest@9597028]" started-at="2023-07-27T12:33:45 IST" name="tearDown" finished-at="2023-07-27T12:33:45 IST" duration-ms="2" status="PASS">
          <reporter-output>
          </reporter-output>
        </test-method> <!-- tearDown -->
        <test-method is-config="true" signature="stop()[pri:0, instance:com.luma.testLayer.LoginPageTest@9597028]" started-at="2023-07-27T12:33:45 IST" name="stop" finished-at="2023-07-27T12:33:45 IST" duration-ms="1" status="PASS">
          <reporter-output>
          </reporter-output>
        </test-method> <!-- stop -->
      </class> <!-- com.luma.testLayer.LoginPageTest -->
      <class name="com.luma.testLayer.BuyFuctionality">
        <test-method is-config="true" signature="start()[pri:0, instance:com.luma.testLayer.BuyFuctionality@5b8dfcc1]" started-at="2023-07-27T12:33:45 IST" name="start" finished-at="2023-07-27T12:33:45 IST" duration-ms="8" status="PASS">
          <reporter-output>
          </reporter-output>
        </test-method> <!-- start -->
        <test-method is-config="true" signature="setUp()[pri:0, instance:com.luma.testLayer.BuyFuctionality@5b8dfcc1]" started-at="2023-07-27T12:33:45 IST" name="setUp" finished-at="2023-07-27T12:33:51 IST" duration-ms="6746" status="PASS">
          <reporter-output>
          </reporter-output>
        </test-method> <!-- setUp -->
        <test-method signature="verifyBuyFunctionalityWithLogin()[pri:0, instance:com.luma.testLayer.BuyFuctionality@5b8dfcc1]" started-at="2023-07-27T12:33:52 IST" name="verifyBuyFunctionalityWithLogin" finished-at="2023-07-27T12:34:03 IST" duration-ms="11153" status="PASS">
          <reporter-output>
          </reporter-output>
        </test-method> <!-- verifyBuyFunctionalityWithLogin -->
        <test-method is-config="true" signature="tearDown()[pri:0, instance:com.luma.testLayer.BuyFuctionality@5b8dfcc1]" started-at="2023-07-27T12:34:03 IST" name="tearDown" finished-at="2023-07-27T12:34:03 IST" duration-ms="1" status="PASS">
          <reporter-output>
          </reporter-output>
        </test-method> <!-- tearDown -->
        <test-method is-config="true" signature="setUp()[pri:0, instance:com.luma.testLayer.BuyFuctionality@5b8dfcc1]" started-at="2023-07-27T12:34:03 IST" name="setUp" finished-at="2023-07-27T12:34:08 IST" duration-ms="4881" status="PASS">
          <reporter-output>
          </reporter-output>
        </test-method> <!-- setUp -->
        <test-method signature="verifyBuyFunctionalityWithoutLogin()[pri:0, instance:com.luma.testLayer.BuyFuctionality@5b8dfcc1]" started-at="2023-07-27T12:34:08 IST" name="verifyBuyFunctionalityWithoutLogin" finished-at="2023-07-27T12:34:14 IST" duration-ms="6876" status="PASS">
          <reporter-output>
          </reporter-output>
        </test-method> <!-- verifyBuyFunctionalityWithoutLogin -->
        <test-method is-config="true" signature="tearDown()[pri:0, instance:com.luma.testLayer.BuyFuctionality@5b8dfcc1]" started-at="2023-07-27T12:34:14 IST" name="tearDown" finished-at="2023-07-27T12:34:14 IST" duration-ms="1" status="PASS">
          <reporter-output>
          </reporter-output>
        </test-method> <!-- tearDown -->
        <test-method is-config="true" signature="stop()[pri:0, instance:com.luma.testLayer.BuyFuctionality@5b8dfcc1]" started-at="2023-07-27T12:34:14 IST" name="stop" finished-at="2023-07-27T12:34:14 IST" duration-ms="1" status="PASS">
          <reporter-output>
          </reporter-output>
        </test-method> <!-- stop -->
      </class> <!-- com.luma.testLayer.BuyFuctionality -->
    </test> <!-- Default test -->
  </suite> <!-- Default suite -->
</testng-results>
